# Module A bootstrap log
version=2026-06-22-runtime-v2-module-a-official
started_at=2026-06-22T21:16:21Z
oris_dir=/home/admin/projects/oris
branch=main
python_bin=python3

# pre-log bootstrap output
From github.com:ShanGouXueHui/oris
   3f37b8a..5560d04  main       -> origin/main
Already on 'main'
M	orchestration/task_runs/demo-openclaw-web-task-board-20260622015615.json
Your branch is behind 'origin/main' by 3 commits, and can be fast-forwarded.
  (use "git pull" to update your local branch)
From github.com:ShanGouXueHui/oris
 * branch            main       -> FETCH_HEAD
Updating 3f37b8a..5560d04
Fast-forward
 scripts/bootstrap_runtime_v2_module_a.sh | 81 ++++++++++++++------------------
 1 file changed, 34 insertions(+), 47 deletions(-)

# repository state
base_sha=5560d045a87c54ff769070696d54d6efee8477b6
product_check_status=ls_remote_ok
product_head=7d1d604b92b21f1213f990140b3345b4be2163ca
product_module0_sha=7d1d604b92b21f1213f990140b3345b4be2163ca
product_module_state=module_0_only

# required context file existence
OK memory/dev_employee/CURRENT_STATE_2026-06-22_AUTONOMOUS_RUNTIME_V2.md
OK memory/dev_employee/NEXT_CHAT_HANDOFF_2026-06-22_AUTONOMOUS_RUNTIME_V2.md
OK docs/DEV_EMPLOYEE_AUTONOMOUS_RUNTIME_V2_ACCEPTANCE_2026-06-22.md
OK docs/OPERATING_CONTEXT_AND_ENGINEERING_RULES_2026-06-22_RUNTIME_V2.md
OK docs/DEV_EMPLOYEE_FINAL_ACCEPTANCE_2026-06-22.md
OK memory/dev_employee/CURRENT_STATE_2026-06-22_POST_ACCEPTANCE.md
OK orchestration/project_registry.json
OK memory/dev_employee/current_task.json
OK memory/dev_employee/current_task.md
----------------------------------------------------------------------
Ran 5 tests in 0.000s

OK
[main a785cef] runtime-v2(module-a): add architecture and state machine design
 10 files changed, 352 insertions(+)
 create mode 100644 docs/runtime_v2/ACCEPTANCE_CRITERIA_MODULE_A.md
 create mode 100644 docs/runtime_v2/ARCHITECTURE_AND_STATE_MACHINE_MODULE_A.md
 create mode 100644 docs/runtime_v2/FAILURE_TAXONOMY_MODULE_A.md
 create mode 100644 docs/testing/MODULE_A_TEST_PLAN.md
 create mode 100644 reports/execution/module_A_bootstrap_latest.log
 create mode 100644 reports/execution/module_A_execution_report.md
 create mode 100644 reports/testing/latest_test_result.json
 create mode 100644 reports/testing/module_A_test_result.json
 create mode 100644 schemas/runtime_v2/state_machine.schema.json
 create mode 100644 tests/runtime_v2/test_state_machine_transitions.py
