# Module H bootstrap log
version=2026-06-23-runtime-v2-module-h-official
started_at=2026-06-23T20:19:06Z
oris_dir=/home/admin/projects/oris
branch=main
python_bin=python3

# pre-log bootstrap output
From github.com:ShanGouXueHui/oris
   2a9b105..3dac2c8  main       -> origin/main
Already on 'main'
M	orchestration/task_runs/demo-openclaw-web-task-board-20260622015615.json
M	reports/execution/module_A_bootstrap_latest.log
M	reports/execution/module_B_bootstrap_latest.log
M	reports/execution/module_C_bootstrap_latest.log
M	reports/execution/module_D_bootstrap_latest.log
M	reports/execution/module_E_bootstrap_latest.log
M	reports/execution/module_F_bootstrap_latest.log
M	reports/execution/module_G_bootstrap_latest.log
Your branch is behind 'origin/main' by 1 commit, and can be fast-forwarded.
  (use "git pull" to update your local branch)
From github.com:ShanGouXueHui/oris
 * branch            main       -> FETCH_HEAD
Updating 2a9b105..3dac2c8
Fast-forward
 scripts/bootstrap_runtime_v2_module_h.sh | 378 +++++++++++++++++++++++++++++++
 1 file changed, 378 insertions(+)
 create mode 100644 scripts/bootstrap_runtime_v2_module_h.sh

# repository state
base_sha=3dac2c87406ee53b788743f736b3b29e3ac1e860
module_G_expected_final_sha=2a9b105ef0a11578db961d7e78a94f1166bdab84
product_check_status=ls_remote_ok
product_head=7d1d604b92b21f1213f990140b3345b4be2163ca
product_module0_sha=7d1d604b92b21f1213f990140b3345b4be2163ca
----------------------------------------------------------------------
Ran 47 tests in 0.109s

OK
