# Module B bootstrap log
version=2026-06-22-runtime-v2-module-b-official
started_at=2026-06-23T03:24:12Z
oris_dir=/home/admin/projects/oris
branch=main
python_bin=python3

# pre-log bootstrap output
From github.com:ShanGouXueHui/oris
   c244e24..b939fe2  main       -> origin/main
Already on 'main'
M	orchestration/task_runs/demo-openclaw-web-task-board-20260622015615.json
M	reports/execution/module_A_bootstrap_latest.log
Your branch is behind 'origin/main' by 4 commits, and can be fast-forwarded.
  (use "git pull" to update your local branch)
From github.com:ShanGouXueHui/oris
 * branch            main       -> FETCH_HEAD
Updating c244e24..b939fe2
Fast-forward
 ...NG_GUARDRAILS_SCRIPT_AND_EVIDENCE_2026-06-22.md |  54 ++
 ...HAT_HANDOFF_2026-06-22_AUTONOMOUS_RUNTIME_V2.md |  72 +--
 ..._START_PROMPT_2026-06-22_RUNTIME_V2_MODULE_B.md |  54 ++
 scripts/bootstrap_runtime_v2_module_b.sh           | 634 +++++++++++++++++++++
 4 files changed, 780 insertions(+), 34 deletions(-)
 create mode 100644 memory/dev_employee/ENGINEERING_GUARDRAILS_SCRIPT_AND_EVIDENCE_2026-06-22.md
 create mode 100644 memory/dev_employee/NEXT_CHAT_START_PROMPT_2026-06-22_RUNTIME_V2_MODULE_B.md
 create mode 100644 scripts/bootstrap_runtime_v2_module_b.sh

# repository state
base_sha=b939fe27a1a0e548a032d193a36f145602a87b6a
module_A_expected_final_sha=c244e2467fe153377b370df0ffc35d541b8b3ef1
product_check_status=ls_remote_ok
product_head=7d1d604b92b21f1213f990140b3345b4be2163ca
product_module0_sha=7d1d604b92b21f1213f990140b3345b4be2163ca

# module A evidence check
{
  "module": "Runtime v2 Module A",
  "bootstrap_version": "2026-06-22-runtime-v2-module-a-official",
  "status": "passed",
  "generated_at": "2026-06-22T21:16:22.292080+00:00",
  "test_command": "python3 -m unittest discover -s tests/runtime_v2 -p test_*.py -q",
  "test_exit_code": 0,
  "base_sha": "5560d045a87c54ff769070696d54d6efee8477b6",
  "product_repo_check_status": "ls_remote_ok",
  "product_repo_head": "7d1d604b92b21f1213f990140b3345b4be2163ca",
  "product_repo_module0_sha": "7d1d604b92b21f1213f990140b3345b4be2163ca",
  "old_interactive_insight_product_continued": false,
  "log_file": "/home/admin/projects/oris/reports/execution/module_A_bootstrap_latest.log",
  "checks": [
    "schema_exists",
    "required_states_exist",
    "required_transitions_exist",
    "terminal_states_have_no_outgoing_transitions",
    "every_transition_uses_declared_states"
  ]
}----------------------------------------------------------------------
Ran 11 tests in 0.008s

OK
