# Module D bootstrap log
version=2026-06-23-runtime-v2-module-d-official
started_at=2026-06-23T18:40:41Z
oris_dir=/home/admin/projects/oris
branch=main
python_bin=python3

# pre-log bootstrap output
From github.com:ShanGouXueHui/oris
   83358d7..3aa33ec  main       -> origin/main
Already on 'main'
M	orchestration/task_runs/demo-openclaw-web-task-board-20260622015615.json
M	reports/execution/module_A_bootstrap_latest.log
M	reports/execution/module_B_bootstrap_latest.log
M	reports/execution/module_C_bootstrap_latest.log
Your branch is behind 'origin/main' by 2 commits, and can be fast-forwarded.
  (use "git pull" to update your local branch)
From github.com:ShanGouXueHui/oris
 * branch            main       -> FETCH_HEAD
Updating 83358d7..3aa33ec
Fast-forward
 ...HAT_HANDOFF_2026-06-22_AUTONOMOUS_RUNTIME_V2.md |  49 +-
 scripts/bootstrap_runtime_v2_module_d.sh           | 578 +++++++++++++++++++++
 2 files changed, 604 insertions(+), 23 deletions(-)
 create mode 100644 scripts/bootstrap_runtime_v2_module_d.sh

# repository state
base_sha=3aa33ecbd86a97807e33407ed4f1fe78c38d2808
module_C_expected_final_sha=83358d791f643fb3f734eec1af5351c65947be78
product_check_status=ls_remote_ok
product_head=7d1d604b92b21f1213f990140b3345b4be2163ca
product_module0_sha=7d1d604b92b21f1213f990140b3345b4be2163ca

# module C evidence check
{
  "module": "Runtime v2 Module C",
  "bootstrap_version": "2026-06-23-runtime-v2-module-c-official",
  "status": "passed",
  "generated_at": "2026-06-23T03:29:36.026992+00:00",
  "test_command": "python3 -m unittest discover -s tests/runtime_v2 -p test_*.py -q",
  "test_exit_code": 0,
  "base_sha": "b6b17d6e7a97fe54ce013d8049092e31e898ee11",
  "module_B_final_sha": "68a704da3f03bff31206f90cb5806f240c8ba9f6",
  "product_repo_check_status": "ls_remote_ok",
  "product_repo_head": "7d1d604b92b21f1213f990140b3345b4be2163ca",
  "product_repo_module0_sha": "7d1d604b92b21f1213f990140b3345b4be2163ca",
  "old_interactive_insight_product_continued": false,
  "log_file": "/home/admin/projects/oris/reports/execution/module_C_bootstrap_latest.log",
  "checks": [
    "successful_worker_iteration_completes_run",
    "retryable_failure_is_repaired_and_completed",
    "approval_required_enters_waiting_approval",
    "fatal_failure_records_terminal_stop",
    "terminal_run_is_not_mutated",
    "worker_events_are_persisted"
  ]
}----------------------------------------------------------------------
Ran 24 tests in 0.033s

OK
[main 9e69e22] runtime-v2(module-d): add tool executor adapter and evidence contract
 11 files changed, 435 insertions(+), 12 deletions(-)
 create mode 100644 docs/runtime_v2/TOOL_EXECUTOR_ADAPTER_AND_EVIDENCE_CONTRACT_MODULE_D.md
 create mode 100644 docs/testing/MODULE_D_TEST_PLAN.md
 create mode 100644 reports/execution/module_D_bootstrap_latest.log
 create mode 100644 reports/execution/module_D_execution_report.md
 create mode 100644 reports/testing/module_D_test_result.json
 create mode 100644 schemas/runtime_v2/evidence_artifact.schema.json
 create mode 100644 schemas/runtime_v2/executor_action.schema.json
 create mode 100644 schemas/runtime_v2/executor_result.schema.json
 create mode 100644 scripts/lib/runtime_v2_executor.py
 create mode 100644 tests/runtime_v2/test_executor_adapter.py
