# Module E bootstrap log
version=2026-06-23-runtime-v2-module-e-official
started_at=2026-06-23T18:54:33Z
oris_dir=/home/admin/projects/oris
branch=main
python_bin=python3

# pre-log bootstrap output
From github.com:ShanGouXueHui/oris
   62506ed..b192897  main       -> origin/main
Already on 'main'
M	orchestration/task_runs/demo-openclaw-web-task-board-20260622015615.json
M	reports/execution/module_A_bootstrap_latest.log
M	reports/execution/module_B_bootstrap_latest.log
M	reports/execution/module_C_bootstrap_latest.log
M	reports/execution/module_D_bootstrap_latest.log
Your branch is behind 'origin/main' by 2 commits, and can be fast-forwarded.
  (use "git pull" to update your local branch)
From github.com:ShanGouXueHui/oris
 * branch            main       -> FETCH_HEAD
Updating 62506ed..b192897
Fast-forward
 ...HAT_HANDOFF_2026-06-22_AUTONOMOUS_RUNTIME_V2.md |  35 +-
 scripts/bootstrap_runtime_v2_module_e.sh           | 540 +++++++++++++++++++++
 2 files changed, 559 insertions(+), 16 deletions(-)
 create mode 100644 scripts/bootstrap_runtime_v2_module_e.sh

# repository state
base_sha=b192897e3331a6be2475d6e207f2eb44c15a731a
module_D_expected_final_sha=62506edf6ef6fa439a8992e904a5d2bc510a26f1
product_check_status=ls_remote_ok
product_head=7d1d604b92b21f1213f990140b3345b4be2163ca
product_module0_sha=7d1d604b92b21f1213f990140b3345b4be2163ca

# module D evidence check
{
  "module": "Runtime v2 Module D",
  "bootstrap_version": "2026-06-23-runtime-v2-module-d-official",
  "status": "passed",
  "generated_at": "2026-06-23T18:40:42.433169+00:00",
  "test_command": "python3 -m unittest discover -s tests/runtime_v2 -p test_*.py -q",
  "test_exit_code": 0,
  "base_sha": "3aa33ecbd86a97807e33407ed4f1fe78c38d2808",
  "module_C_final_sha": "83358d791f643fb3f734eec1af5351c65947be78",
  "product_repo_check_status": "ls_remote_ok",
  "product_repo_head": "7d1d604b92b21f1213f990140b3345b4be2163ca",
  "product_repo_module0_sha": "7d1d604b92b21f1213f990140b3345b4be2163ca",
  "old_interactive_insight_product_continued": false,
  "log_file": "/home/admin/projects/oris/reports/execution/module_D_bootstrap_latest.log",
  "checks": [
    "allowed_action_execution",
    "denied_action_protection",
    "evidence_capture",
    "retryable_executor_failure_mapping",
    "fatal_executor_failure_mapping",
    "approval_required_mapping",
    "worker_integration_with_executor_adapter"
  ]
}----------------------------------------------------------------------
Ran 30 tests in 0.043s

OK
[main 1ce5525] runtime-v2(module-e): add github evidence publisher and index
 10 files changed, 402 insertions(+), 13 deletions(-)
 create mode 100644 docs/runtime_v2/GITHUB_EVIDENCE_PUBLISHER_AND_RUN_EVIDENCE_INDEX_MODULE_E.md
 create mode 100644 docs/testing/MODULE_E_TEST_PLAN.md
 create mode 100644 reports/execution/module_E_bootstrap_latest.log
 create mode 100644 reports/execution/module_E_execution_report.md
 create mode 100644 reports/testing/module_E_test_result.json
 create mode 100644 schemas/runtime_v2/evidence_index.schema.json
 create mode 100644 schemas/runtime_v2/github_publish_plan.schema.json
 create mode 100644 scripts/lib/runtime_v2_evidence_publisher.py
 create mode 100644 tests/runtime_v2/test_evidence_publisher.py
